{"total": {"lines":{"total":671,"covered":548,"skipped":0,"pct":81.66},"statements":{"total":729,"covered":591,"skipped":0,"pct":81.06},"functions":{"total":181,"covered":159,"skipped":0,"pct":87.84},"branches":{"total":583,"covered":399,"skipped":0,"pct":68.43},"branchesTrue":{"total":0,"covered":0,"skipped":0,"pct":100}}
,"/Users/chepriav/Desktop/projects/ReactNative/App_reserva_padel_urbanizacion/src/constants/colors.js": {"lines":{"total":1,"covered":1,"skipped":0,"pct":100},"functions":{"total":0,"covered":0,"skipped":0,"pct":100},"statements":{"total":1,"covered":1,"skipped":0,"pct":100},"branches":{"total":0,"covered":0,"skipped":0,"pct":100}}
,"/Users/chepriav/Desktop/projects/ReactNative/App_reserva_padel_urbanizacion/src/constants/config.js": {"lines":{"total":35,"covered":35,"skipped":0,"pct":100},"functions":{"total":4,"covered":4,"skipped":0,"pct":100},"statements":{"total":39,"covered":37,"skipped":0,"pct":94.87},"branches":{"total":8,"covered":6,"skipped":0,"pct":75}}
,"/Users/chepriav/Desktop/projects/ReactNative/App_reserva_padel_urbanizacion/src/domain/entities/ScheduleConfig.ts": {"lines":{"total":1,"covered":1,"skipped":0,"pct":100},"functions":{"total":0,"covered":0,"skipped":0,"pct":100},"statements":{"total":1,"covered":1,"skipped":0,"pct":100},"branches":{"total":0,"covered":0,"skipped":0,"pct":100}}
,"/Users/chepriav/Desktop/projects/ReactNative/App_reserva_padel_urbanizacion/src/domain/errors/DomainErrors.ts": {"lines":{"total":44,"covered":26,"skipped":0,"pct":59.09},"functions":{"total":15,"covered":9,"skipped":0,"pct":60},"statements":{"total":44,"covered":26,"skipped":0,"pct":59.09},"branches":{"total":0,"covered":0,"skipped":0,"pct":100}}
,"/Users/chepriav/Desktop/projects/ReactNative/App_reserva_padel_urbanizacion/src/domain/useCases/AcceptRequest.ts": {"lines":{"total":21,"covered":21,"skipped":0,"pct":100},"functions":{"total":5,"covered":5,"skipped":0,"pct":100},"statements":{"total":25,"covered":24,"skipped":0,"pct":96},"branches":{"total":18,"covered":15,"skipped":0,"pct":83.33}}
,"/Users/chepriav/Desktop/projects/ReactNative/App_reserva_padel_urbanizacion/src/domain/useCases/CancelMatch.ts": {"lines":{"total":14,"covered":14,"skipped":0,"pct":100},"functions":{"total":4,"covered":4,"skipped":0,"pct":100},"statements":{"total":17,"covered":16,"skipped":0,"pct":94.11},"branches":{"total":13,"covered":12,"skipped":0,"pct":92.3}}
,"/Users/chepriav/Desktop/projects/ReactNative/App_reserva_padel_urbanizacion/src/domain/useCases/CancelMatchByReservation.ts": {"lines":{"total":9,"covered":9,"skipped":0,"pct":100},"functions":{"total":4,"covered":4,"skipped":0,"pct":100},"statements":{"total":11,"covered":11,"skipped":0,"pct":100},"branches":{"total":7,"covered":7,"skipped":0,"pct":100}}
,"/Users/chepriav/Desktop/projects/ReactNative/App_reserva_padel_urbanizacion/src/domain/useCases/CancelReservation.ts": {"lines":{"total":15,"covered":15,"skipped":0,"pct":100},"functions":{"total":2,"covered":2,"skipped":0,"pct":100},"statements":{"total":18,"covered":18,"skipped":0,"pct":100},"branches":{"total":14,"covered":14,"skipped":0,"pct":100}}
,"/Users/chepriav/Desktop/projects/ReactNative/App_reserva_padel_urbanizacion/src/domain/useCases/CheckSlotInBreakTime.ts": {"lines":{"total":27,"covered":27,"skipped":0,"pct":100},"functions":{"total":4,"covered":4,"skipped":0,"pct":100},"statements":{"total":28,"covered":28,"skipped":0,"pct":100},"branches":{"total":32,"covered":24,"skipped":0,"pct":75}}
,"/Users/chepriav/Desktop/projects/ReactNative/App_reserva_padel_urbanizacion/src/domain/useCases/CreateAnnouncement.ts": {"lines":{"total":1,"covered":1,"skipped":0,"pct":100},"functions":{"total":2,"covered":2,"skipped":0,"pct":100},"statements":{"total":1,"covered":1,"skipped":0,"pct":100},"branches":{"total":0,"covered":0,"skipped":0,"pct":100}}
,"/Users/chepriav/Desktop/projects/ReactNative/App_reserva_padel_urbanizacion/src/domain/useCases/CreateMatch.ts": {"lines":{"total":8,"covered":8,"skipped":0,"pct":100},"functions":{"total":2,"covered":2,"skipped":0,"pct":100},"statements":{"total":9,"covered":9,"skipped":0,"pct":100},"branches":{"total":6,"covered":6,"skipped":0,"pct":100}}
,"/Users/chepriav/Desktop/projects/ReactNative/App_reserva_padel_urbanizacion/src/domain/useCases/CreateReservation.ts": {"lines":{"total":58,"covered":48,"skipped":0,"pct":82.75},"functions":{"total":8,"covered":8,"skipped":0,"pct":100},"statements":{"total":64,"covered":50,"skipped":0,"pct":78.12},"branches":{"total":48,"covered":30,"skipped":0,"pct":62.5}}
,"/Users/chepriav/Desktop/projects/ReactNative/App_reserva_padel_urbanizacion/src/domain/useCases/DeleteAnnouncement.ts": {"lines":{"total":1,"covered":1,"skipped":0,"pct":100},"functions":{"total":2,"covered":2,"skipped":0,"pct":100},"statements":{"total":1,"covered":1,"skipped":0,"pct":100},"branches":{"total":0,"covered":0,"skipped":0,"pct":100}}
,"/Users/chepriav/Desktop/projects/ReactNative/App_reserva_padel_urbanizacion/src/domain/useCases/DetermineReservationPriority.ts": {"lines":{"total":4,"covered":4,"skipped":0,"pct":100},"functions":{"total":2,"covered":2,"skipped":0,"pct":100},"statements":{"total":7,"covered":7,"skipped":0,"pct":100},"branches":{"total":4,"covered":4,"skipped":0,"pct":100}}
,"/Users/chepriav/Desktop/projects/ReactNative/App_reserva_padel_urbanizacion/src/domain/useCases/GetAllAnnouncements.ts": {"lines":{"total":1,"covered":1,"skipped":0,"pct":100},"functions":{"total":2,"covered":2,"skipped":0,"pct":100},"statements":{"total":1,"covered":1,"skipped":0,"pct":100},"branches":{"total":0,"covered":0,"skipped":0,"pct":100}}
,"/Users/chepriav/Desktop/projects/ReactNative/App_reserva_padel_urbanizacion/src/domain/useCases/GetUserReservations.ts": {"lines":{"total":1,"covered":1,"skipped":0,"pct":100},"functions":{"total":2,"covered":2,"skipped":0,"pct":100},"statements":{"total":1,"covered":1,"skipped":0,"pct":100},"branches":{"total":0,"covered":0,"skipped":0,"pct":100}}
,"/Users/chepriav/Desktop/projects/ReactNative/App_reserva_padel_urbanizacion/src/domain/useCases/LeaveMatch.ts": {"lines":{"total":10,"covered":10,"skipped":0,"pct":100},"functions":{"total":2,"covered":2,"skipped":0,"pct":100},"statements":{"total":15,"covered":14,"skipped":0,"pct":93.33},"branches":{"total":10,"covered":9,"skipped":0,"pct":90}}
,"/Users/chepriav/Desktop/projects/ReactNative/App_reserva_padel_urbanizacion/src/domain/useCases/LoginUser.ts": {"lines":{"total":15,"covered":13,"skipped":0,"pct":86.66},"functions":{"total":2,"covered":2,"skipped":0,"pct":100},"statements":{"total":16,"covered":14,"skipped":0,"pct":87.5},"branches":{"total":10,"covered":9,"skipped":0,"pct":90}}
,"/Users/chepriav/Desktop/projects/ReactNative/App_reserva_padel_urbanizacion/src/domain/useCases/LogoutUser.ts": {"lines":{"total":1,"covered":1,"skipped":0,"pct":100},"functions":{"total":2,"covered":2,"skipped":0,"pct":100},"statements":{"total":1,"covered":1,"skipped":0,"pct":100},"branches":{"total":0,"covered":0,"skipped":0,"pct":100}}
,"/Users/chepriav/Desktop/projects/ReactNative/App_reserva_padel_urbanizacion/src/domain/useCases/MarkAnnouncementAsRead.ts": {"lines":{"total":1,"covered":1,"skipped":0,"pct":100},"functions":{"total":2,"covered":2,"skipped":0,"pct":100},"statements":{"total":1,"covered":1,"skipped":0,"pct":100},"branches":{"total":0,"covered":0,"skipped":0,"pct":100}}
,"/Users/chepriav/Desktop/projects/ReactNative/App_reserva_padel_urbanizacion/src/domain/useCases/RegisterUser.ts": {"lines":{"total":6,"covered":6,"skipped":0,"pct":100},"functions":{"total":2,"covered":2,"skipped":0,"pct":100},"statements":{"total":8,"covered":8,"skipped":0,"pct":100},"branches":{"total":4,"covered":4,"skipped":0,"pct":100}}
,"/Users/chepriav/Desktop/projects/ReactNative/App_reserva_padel_urbanizacion/src/domain/useCases/RemovePushToken.ts": {"lines":{"total":1,"covered":1,"skipped":0,"pct":100},"functions":{"total":2,"covered":2,"skipped":0,"pct":100},"statements":{"total":1,"covered":1,"skipped":0,"pct":100},"branches":{"total":0,"covered":0,"skipped":0,"pct":100}}
,"/Users/chepriav/Desktop/projects/ReactNative/App_reserva_padel_urbanizacion/src/domain/useCases/RequestToJoin.ts": {"lines":{"total":13,"covered":13,"skipped":0,"pct":100},"functions":{"total":2,"covered":2,"skipped":0,"pct":100},"statements":{"total":19,"covered":17,"skipped":0,"pct":89.47},"branches":{"total":16,"covered":14,"skipped":0,"pct":87.5}}
,"/Users/chepriav/Desktop/projects/ReactNative/App_reserva_padel_urbanizacion/src/domain/useCases/SavePushToken.ts": {"lines":{"total":1,"covered":1,"skipped":0,"pct":100},"functions":{"total":2,"covered":2,"skipped":0,"pct":100},"statements":{"total":1,"covered":1,"skipped":0,"pct":100},"branches":{"total":0,"covered":0,"skipped":0,"pct":100}}
,"/Users/chepriav/Desktop/projects/ReactNative/App_reserva_padel_urbanizacion/src/domain/useCases/UpdateProfile.ts": {"lines":{"total":1,"covered":1,"skipped":0,"pct":100},"functions":{"total":2,"covered":2,"skipped":0,"pct":100},"statements":{"total":1,"covered":1,"skipped":0,"pct":100},"branches":{"total":0,"covered":0,"skipped":0,"pct":100}}
,"/Users/chepriav/Desktop/projects/ReactNative/App_reserva_padel_urbanizacion/src/domain/useCases/UpdateScheduleConfig.ts": {"lines":{"total":14,"covered":14,"skipped":0,"pct":100},"functions":{"total":3,"covered":3,"skipped":0,"pct":100},"statements":{"total":14,"covered":14,"skipped":0,"pct":100},"branches":{"total":20,"covered":20,"skipped":0,"pct":100}}
,"/Users/chepriav/Desktop/projects/ReactNative/App_reserva_padel_urbanizacion/src/infrastructure/supabase/mappers/announcementMapper.ts": {"lines":{"total":10,"covered":10,"skipped":0,"pct":100},"functions":{"total":6,"covered":6,"skipped":0,"pct":100},"statements":{"total":10,"covered":10,"skipped":0,"pct":100},"branches":{"total":9,"covered":6,"skipped":0,"pct":66.66}}
,"/Users/chepriav/Desktop/projects/ReactNative/App_reserva_padel_urbanizacion/src/infrastructure/supabase/mappers/availabilityMapper.ts": {"lines":{"total":1,"covered":1,"skipped":0,"pct":100},"functions":{"total":1,"covered":1,"skipped":0,"pct":100},"statements":{"total":1,"covered":1,"skipped":0,"pct":100},"branches":{"total":4,"covered":4,"skipped":0,"pct":100}}
,"/Users/chepriav/Desktop/projects/ReactNative/App_reserva_padel_urbanizacion/src/infrastructure/supabase/mappers/blockoutMapper.ts": {"lines":{"total":2,"covered":2,"skipped":0,"pct":100},"functions":{"total":2,"covered":2,"skipped":0,"pct":100},"statements":{"total":2,"covered":2,"skipped":0,"pct":100},"branches":{"total":2,"covered":2,"skipped":0,"pct":100}}
,"/Users/chepriav/Desktop/projects/ReactNative/App_reserva_padel_urbanizacion/src/infrastructure/supabase/mappers/courtMapper.ts": {"lines":{"total":2,"covered":2,"skipped":0,"pct":100},"functions":{"total":2,"covered":2,"skipped":0,"pct":100},"statements":{"total":2,"covered":2,"skipped":0,"pct":100},"branches":{"total":8,"covered":8,"skipped":0,"pct":100}}
,"/Users/chepriav/Desktop/projects/ReactNative/App_reserva_padel_urbanizacion/src/infrastructure/supabase/mappers/displacementNotificationMapper.ts": {"lines":{"total":2,"covered":2,"skipped":0,"pct":100},"functions":{"total":2,"covered":2,"skipped":0,"pct":100},"statements":{"total":2,"covered":2,"skipped":0,"pct":100},"branches":{"total":0,"covered":0,"skipped":0,"pct":100}}
,"/Users/chepriav/Desktop/projects/ReactNative/App_reserva_padel_urbanizacion/src/infrastructure/supabase/mappers/matchMapper.ts": {"lines":{"total":17,"covered":17,"skipped":0,"pct":100},"functions":{"total":11,"covered":11,"skipped":0,"pct":100},"statements":{"total":17,"covered":17,"skipped":0,"pct":100},"branches":{"total":77,"covered":60,"skipped":0,"pct":77.92}}
,"/Users/chepriav/Desktop/projects/ReactNative/App_reserva_padel_urbanizacion/src/infrastructure/supabase/mappers/reservationMapper.ts": {"lines":{"total":17,"covered":15,"skipped":0,"pct":88.23},"functions":{"total":9,"covered":8,"skipped":0,"pct":88.88},"statements":{"total":17,"covered":15,"skipped":0,"pct":88.23},"branches":{"total":30,"covered":16,"skipped":0,"pct":53.33}}
,"/Users/chepriav/Desktop/projects/ReactNative/App_reserva_padel_urbanizacion/src/infrastructure/supabase/mappers/scheduleConfigMapper.ts": {"lines":{"total":5,"covered":5,"skipped":0,"pct":100},"functions":{"total":4,"covered":4,"skipped":0,"pct":100},"statements":{"total":6,"covered":6,"skipped":0,"pct":100},"branches":{"total":4,"covered":3,"skipped":0,"pct":75}}
,"/Users/chepriav/Desktop/projects/ReactNative/App_reserva_padel_urbanizacion/src/infrastructure/supabase/mappers/userMapper.ts": {"lines":{"total":30,"covered":30,"skipped":0,"pct":100},"functions":{"total":11,"covered":11,"skipped":0,"pct":100},"statements":{"total":41,"covered":38,"skipped":0,"pct":92.68},"branches":{"total":38,"covered":29,"skipped":0,"pct":76.31}}
,"/Users/chepriav/Desktop/projects/ReactNative/App_reserva_padel_urbanizacion/src/infrastructure/supabase/mappers/userNotificationMapper.ts": {"lines":{"total":6,"covered":6,"skipped":0,"pct":100},"functions":{"total":4,"covered":4,"skipped":0,"pct":100},"statements":{"total":6,"covered":6,"skipped":0,"pct":100},"branches":{"total":8,"covered":6,"skipped":0,"pct":75}}
,"/Users/chepriav/Desktop/projects/ReactNative/App_reserva_padel_urbanizacion/src/infrastructure/supabase/repositories/SupabaseDisplacementNotifier.ts": {"lines":{"total":12,"covered":12,"skipped":0,"pct":100},"functions":{"total":5,"covered":5,"skipped":0,"pct":100},"statements":{"total":13,"covered":13,"skipped":0,"pct":100},"branches":{"total":4,"covered":4,"skipped":0,"pct":100}}
,"/Users/chepriav/Desktop/projects/ReactNative/App_reserva_padel_urbanizacion/src/infrastructure/supabase/repositories/SupabaseMatchNotifier.ts": {"lines":{"total":35,"covered":23,"skipped":0,"pct":65.71},"functions":{"total":11,"covered":8,"skipped":0,"pct":72.72},"statements":{"total":35,"covered":23,"skipped":0,"pct":65.71},"branches":{"total":32,"covered":12,"skipped":0,"pct":37.5}}
,"/Users/chepriav/Desktop/projects/ReactNative/App_reserva_padel_urbanizacion/src/services/registerServiceWorker.js": {"lines":{"total":36,"covered":14,"skipped":0,"pct":38.88},"functions":{"total":11,"covered":4,"skipped":0,"pct":36.36},"statements":{"total":36,"covered":14,"skipped":0,"pct":38.88},"branches":{"total":16,"covered":6,"skipped":0,"pct":37.5}}
,"/Users/chepriav/Desktop/projects/ReactNative/App_reserva_padel_urbanizacion/src/shared/types/Result.ts": {"lines":{"total":2,"covered":2,"skipped":0,"pct":100},"functions":{"total":2,"covered":2,"skipped":0,"pct":100},"statements":{"total":4,"covered":4,"skipped":0,"pct":100},"branches":{"total":0,"covered":0,"skipped":0,"pct":100}}
,"/Users/chepriav/Desktop/projects/ReactNative/App_reserva_padel_urbanizacion/src/utils/dateHelpers.js": {"lines":{"total":113,"covered":81,"skipped":0,"pct":71.68},"functions":{"total":12,"covered":9,"skipped":0,"pct":75},"statements":{"total":115,"covered":82,"skipped":0,"pct":71.3},"branches":{"total":74,"covered":32,"skipped":0,"pct":43.24}}
,"/Users/chepriav/Desktop/projects/ReactNative/App_reserva_padel_urbanizacion/src/utils/validators.js": {"lines":{"total":77,"covered":52,"skipped":0,"pct":67.53},"functions":{"total":9,"covered":7,"skipped":0,"pct":77.77},"statements":{"total":77,"covered":52,"skipped":0,"pct":67.53},"branches":{"total":67,"covered":37,"skipped":0,"pct":55.22}}
}
